[2020-07-16 09:40:23] [pool-4-thread-1 INFO] CustomSkinLoader 14.10a
[2020-07-16 09:40:23] [pool-4-thread-1 INFO] DataDir: C:\Users\zijia\Desktop\Minecraft\HZWER的Minecraft私服\minecraft\.minecraft\CustomSkinLoader
[2020-07-16 09:40:23] [pool-4-thread-1 INFO] Minecraft: 1.12.2(1.12.2)
[2020-07-16 09:40:23] [pool-4-thread-1 INFO] Config File: C:\Users\zijia\Desktop\Minecraft\HZWER的Minecraft私服\minecraft\.minecraft\CustomSkinLoader\CustomSkinLoader.json
[2020-07-16 09:40:23] [pool-4-thread-1 INFO] Try to load config.
[2020-07-16 09:40:23] [pool-4-thread-1 INFO] Successfully load config.
[2020-07-16 09:40:24] [pool-4-thread-1 INFO] version : 14.10
[2020-07-16 09:40:24] [pool-4-thread-1 INFO] enableDynamicSkull : true
[2020-07-16 09:40:24] [pool-4-thread-1 INFO] enableTransparentSkin : true
[2020-07-16 09:40:24] [pool-4-thread-1 INFO] ignoreHttpsCertificate : false
[2020-07-16 09:40:24] [pool-4-thread-1 INFO] forceLoadAllTextures : false
[2020-07-16 09:40:24] [pool-4-thread-1 INFO] enableCape : true
[2020-07-16 09:40:24] [pool-4-thread-1 INFO] cacheExpiry : 30
[2020-07-16 09:40:24] [pool-4-thread-1 INFO] enableUpdateSkull : false
[2020-07-16 09:40:24] [pool-4-thread-1 INFO] enableLocalProfileCache : false
[2020-07-16 09:40:24] [pool-4-thread-1 INFO] enableCacheAutoClean : false
[2020-07-16 09:40:24] [pool-4-thread-1 INFO] loadList : 6
[2020-07-16 09:40:24] [Mer INFO] Loading Mer's profile.
[2020-07-16 09:40:24] [Mer INFO] 1/6 Try to load profile from 'Mojang'.
[2020-07-16 09:40:24] [Mer DEBUG] Try to request 'https://api.mojang.com/users/profiles/minecraft/Mer'.
[2020-07-16 09:40:24] [Mer DEBUG] Cache file found (Length: 54 , Path: 'C:\Users\zijia\Desktop\Minecraft\HZWER的Minecraft私服\minecraft\.minecraft\CustomSkinLoader\caches\f9f30afe35d6b7cd851b974dd2b41319bb4f8052' , Expire: 0')
[2020-07-16 09:40:24] [Mer INFO] Try to load from cache 'C:\Users\zijia\Desktop\Minecraft\HZWER的Minecraft私服\minecraft\.minecraft\CustomSkinLoader\caches\f9f30afe35d6b7cd851b974dd2b41319bb4f8052'.
[2020-07-16 09:40:24] [Mer DEBUG] Successfully load from cache
[2020-07-16 09:40:24] [Mer DEBUG] Content: {"name":"Mer","id":"d8968efda36943808f9f461e6aec268c"}
[2020-07-16 09:40:24] [Mer DEBUG] Try to request 'https://sessionserver.mojang.com/session/minecraft/profile/d8968efda36943808f9f461e6aec268c'.
[2020-07-16 09:40:24] [Mer DEBUG] Successfully request (Response Code: 200 , Content Length: 571)
[2020-07-16 09:40:24] [Mer DEBUG] Saved to cache (Length: 571 , Path: 'C:\Users\zijia\Desktop\Minecraft\HZWER的Minecraft私服\minecraft\.minecraft\CustomSkinLoader\caches\5516a724a004bc27e9a9e8bb73766dee26650f32' , Expire: 1594863716)
[2020-07-16 09:40:24] [Mer DEBUG] Content: {
  "id" : "d8968efda36943808f9f461e6aec268c",
  "name" : "Mer",
  "properties" : [ {
    "name" : "textures",
    "value" : "ewogICJ0aW1lc3RhbXAiIDogMTU5NDg2MzYyNTkzMCwKICAicHJvZmlsZUlkIiA6ICJkODk2OGVmZGEzNjk0MzgwOGY5ZjQ2MWU2YWVjMjY4YyIsCiAgInByb2ZpbGVOYW1lIiA6ICJNZXIiLAogICJ0ZXh0dXJlcyIgOiB7CiAgICAiU0tJTiIgOiB7CiAgICAgICJ1cmwiIDogImh0dHA6Ly90ZXh0dXJlcy5taW5lY3JhZnQubmV0L3RleHR1cmUvODJjZjk5MTA5MzhhOGJkNjJiMDA5ZGUwNGNhMjdiOGI3ZTY3ZjI1NmVkMjlmMDAyMzk2MDk4OGU0ZGFmOTdkNCIsCiAgICAgICJtZXRhZGF0YSIgOiB7CiAgICAgICAgIm1vZGVsIiA6ICJzbGltIgogICAgICB9CiAgICB9CiAgfQp9"
  } ]
}
[2020-07-16 09:40:24] [Mer INFO] Mer's profile loaded.
[2020-07-16 09:40:24] [Mer INFO] (SkinUrl: http://textures.minecraft.net/texture/82cf9910938a8bd62b009de04ca27b8b7e67f256ed29f0023960988e4daf97d4 , Model: slim , CapeUrl: null  , Expiry: 1594863658)
